time="2025-03-03T16:55:26+08:00" level=info msg="加载配置完成，缓存初始化完成..."
time="2025-03-03T16:55:26+08:00" level=info msg="数据库连接成功"
time="2025-03-03T16:55:26+08:00" level=info msg="订单服务使用的数据库连接成功"
time="2025-03-03T16:55:50+08:00" level=info msg="加载配置完成，缓存初始化完成..."
time="2025-03-03T16:55:50+08:00" level=info msg="数据库连接成功"
time="2025-03-03T16:55:50+08:00" level=info msg="订单服务使用的数据库连接成功"
time="2025-03-03T16:56:06+08:00" level=error msg="注册失败：用户已存在"
time="2025-03-03T16:56:06+08:00" level=info msg="用户注册失败： 用户已存在"
time="2025-03-03T16:56:11+08:00" level=info msg="注册成功，用户创建成功"
time="2025-03-03T16:56:16+08:00" level=info msg="登录成功，生成令牌"
time="2025-03-03T16:56:23+08:00" level=info msg="AuthMiddleware 收到 Header: Bearer 3"
time="2025-03-03T16:56:23+08:00" level=error msg="Token:3"
time="2025-03-03T16:56:23+08:00" level=error msg="JWT111 校验失败: token contains an invalid number of segments"
time="2025-03-03T16:56:48+08:00" level=info msg="登录成功，生成令牌"
time="2025-03-03T16:56:51+08:00" level=info msg="AuthMiddleware 收到 Header: Bearer eyJhbGciOiJIUzI1NiIsInR5cCI6IkpXVCJ9.eyJ1c2VyX2lkIjoxLCJ1c2VybmFtZSI6IjEiLCJleHAiOjE3NDEwNzg2MDgsImlzcyI6ImRvdXlpbuWVhuWfjiJ9.rHnCi9a08QLtfVD_WYa1UWAGx5t_e05vBO1gMrpUwcM"
time="2025-03-03T16:56:51+08:00" level=info msg="ParseToken 使用的 secret = DouyinSecret"
time="2025-03-03T16:56:51+08:00" level=info msg="ParseToken 使用的 secret = DouyinSecret"
time="2025-03-03T16:56:57+08:00" level=info msg="AuthMiddleware 收到 Header: Bearer eyJhbGciOiJIUzI1NiIsInR5cCI6IkpXVCJ9.eyJ1c2VyX2lkIjoxLCJ1c2VybmFtZSI6IjEiLCJleHAiOjE3NDEwNzg2MDgsImlzcyI6ImRvdXlpbuWVhuWfjiJ9.rHnCi9a08QLtfVD_WYa1UWAGx5t_e05vBO1gMrpUwcM"
time="2025-03-03T16:56:57+08:00" level=info msg="ParseToken 使用的 secret = DouyinSecret"
time="2025-03-03T16:56:57+08:00" level=info msg="ParseToken 使用的 secret = DouyinSecret"
time="2025-03-03T16:57:05+08:00" level=info msg="AuthMiddleware 收到 Header: Bearer eyJhbGciOiJIUzI1NiIsInR5cCI6IkpXVCJ9.eyJ1c2VyX2lkIjoxLCJ1c2VybmFtZSI6IjEiLCJleHAiOjE3NDEwNzg2MDgsImlzcyI6ImRvdXlpbuWVhuWfjiJ9.rHnCi9a08QLtfVD_WYa1UWAGx5t_e05vBO1gMrpUwcM"
time="2025-03-03T16:57:05+08:00" level=info msg="ParseToken 使用的 secret = DouyinSecret"
time="2025-03-03T16:57:05+08:00" level=info msg="ParseToken 使用的 secret = DouyinSecret"
time="2025-03-03T16:57:08+08:00" level=info msg="AuthMiddleware 收到 Header: Bearer eyJhbGciOiJIUzI1NiIsInR5cCI6IkpXVCJ9.eyJ1c2VyX2lkIjoxLCJ1c2VybmFtZSI6IjEiLCJleHAiOjE3NDEwNzg2MDgsImlzcyI6ImRvdXlpbuWVhuWfjiJ9.rHnCi9a08QLtfVD_WYa1UWAGx5t_e05vBO1gMrpUwcM"
time="2025-03-03T16:57:08+08:00" level=info msg="ParseToken 使用的 secret = DouyinSecret"
time="2025-03-03T16:57:08+08:00" level=info msg="ParseToken 使用的 secret = DouyinSecret"
time="2025-03-03T16:57:10+08:00" level=info msg="AuthMiddleware 收到 Header: Bearer eyJhbGciOiJIUzI1NiIsInR5cCI6IkpXVCJ9.eyJ1c2VyX2lkIjoxLCJ1c2VybmFtZSI6IjEiLCJleHAiOjE3NDEwNzg2MDgsImlzcyI6ImRvdXlpbuWVhuWfjiJ9.rHnCi9a08QLtfVD_WYa1UWAGx5t_e05vBO1gMrpUwcM"
time="2025-03-03T16:57:10+08:00" level=info msg="ParseToken 使用的 secret = DouyinSecret"
time="2025-03-03T16:57:10+08:00" level=info msg="ParseToken 使用的 secret = DouyinSecret"
time="2025-03-03T16:57:14+08:00" level=info msg="登录成功，生成令牌"
time="2025-03-03T16:57:15+08:00" level=info msg="AuthMiddleware 收到 Header: Bearer eyJhbGciOiJIUzI1NiIsInR5cCI6IkpXVCJ9.eyJ1c2VyX2lkIjoxLCJ1c2VybmFtZSI6IjEiLCJleHAiOjE3NDEwNzg2MzQsImlzcyI6ImRvdXlpbuWVhuWfjiJ9.3JTILsPycdoJiyDP1S0F25KhEB5I1TVUnVU6c0thbGA"
time="2025-03-03T16:57:15+08:00" level=info msg="ParseToken 使用的 secret = DouyinSecret"
time="2025-03-03T16:57:15+08:00" level=info msg="ParseToken 使用的 secret = DouyinSecret"
time="2025-03-03T16:57:21+08:00" level=info msg="登录成功，生成令牌"
time="2025-03-03T16:57:32+08:00" level=info msg="AuthMiddleware 收到 Header: Bearer eyJhbGciOiJIUzI1NiIsInR5cCI6IkpXVCJ9.eyJ1c2VyX2lkIjoxLCJ1c2VybmFtZSI6IjEiLCJleHAiOjE3NDEwNzg2NDEsImlzcyI6ImRvdXlpbuWVhuWfjiJ9.b-YxeNfWPL2XMO-af7aMxcAqE5ZnsRaSElRTz0EIYYk"
time="2025-03-03T16:57:32+08:00" level=info msg="ParseToken 使用的 secret = DouyinSecret"
time="2025-03-03T16:57:47+08:00" level=info msg="AuthMiddleware 收到 Header: Bearer eyJhbGciOiJIUzI1NiIsInR5cCI6IkpXVCJ9.eyJ1c2VyX2lkIjoxLCJ1c2VybmFtZSI6IjEiLCJleHAiOjE3NDEwNzg2NDEsImlzcyI6ImRvdXlpbuWVhuWfjiJ9.b-YxeNfWPL2XMO-af7aMxcAqE5ZnsRaSElRTz0EIYYk"
time="2025-03-03T16:57:47+08:00" level=info msg="ParseToken 使用的 secret = DouyinSecret"
time="2025-03-03T16:58:09+08:00" level=info msg="登录成功，生成令牌"
time="2025-03-03T16:58:21+08:00" level=info msg="AuthMiddleware 收到 Header: Bearer eyJhbGciOiJIUzI1NiIsInR5cCI6IkpXVCJ9.eyJ1c2VyX2lkIjoxLCJ1c2VybmFtZSI6IjEiLCJleHAiOjE3NDEwNzg2ODksImlzcyI6ImRvdXlpbuWVhuWfjiJ9.nadN5CLcULpih8ZVogP-e-zEF7JbCkvcLgk0TGZuPOQ"
time="2025-03-03T16:58:21+08:00" level=info msg="ParseToken 使用的 secret = DouyinSecret"
time="2025-03-03T16:58:51+08:00" level=info msg="AuthMiddleware 收到 Header: Bearer eyJhbGciOiJIUzI1NiIsInR5cCI6IkpXVCJ9.eyJ1c2VyX2lkIjoxLCJ1c2VybmFtZSI6IjEiLCJleHAiOjE3NDEwNzg2ODksImlzcyI6ImRvdXlpbuWVhuWfjiJ9.nadN5CLcULpih8ZVogP-e-zEF7JbCkvcLgk0TGZuPOQ"
time="2025-03-03T16:58:51+08:00" level=info msg="ParseToken 使用的 secret = DouyinSecret"
time="2025-03-03T16:59:02+08:00" level=info msg="AuthMiddleware 收到 Header: Bearer eyJhbGciOiJIUzI1NiIsInR5cCI6IkpXVCJ9.eyJ1c2VyX2lkIjoxLCJ1c2VybmFtZSI6IjEiLCJleHAiOjE3NDEwNzg2ODksImlzcyI6ImRvdXlpbuWVhuWfjiJ9.nadN5CLcULpih8ZVogP-e-zEF7JbCkvcLgk0TGZuPOQ"
time="2025-03-03T16:59:02+08:00" level=info msg="ParseToken 使用的 secret = DouyinSecret"
